[35m[1mConsolidate compiler generated dependencies of target torque_read_degree_write[0m
[35m[1mConsolidate compiler generated dependencies of target torque_check[0m
[ 14%] Built target joint_state_publisher
[ 28%] Built target read_write_node
[ 42%] Built target csv_joint_state_publisher
[ 57%] Built target rviz_visualization_node
[ 71%] Built target torque_compensation_node
[ 78%] [32mBuilding CXX object CMakeFiles/torque_read_degree_write.dir/src/torque_read_degree_write.cpp.o[0m
[ 92%] Built target torque_check
[01m[K/home/jmw/ROS2/AVATAR/Dynamixel/dynamixel_control/src/torque_read_degree_write.cpp:[m[K In member function â€˜[01m[Kvoid TorqueReadDegreeWrite::timerCallback()[m[Kâ€™:
[01m[K/home/jmw/ROS2/AVATAR/Dynamixel/dynamixel_control/src/torque_read_degree_write.cpp:275:5:[m[K [01;31m[Kerror: [m[Kâ€˜[01m[Ktotal_time_[m[Kâ€™ was not declared in this scope
  275 |     [01;31m[Ktotal_time_[m[K += duration;
      |     [01;31m[K^~~~~~~~~~~[m[K
[01m[K/home/jmw/ROS2/AVATAR/Dynamixel/dynamixel_control/src/torque_read_degree_write.cpp:276:5:[m[K [01;31m[Kerror: [m[Kâ€˜[01m[Kcallback_count_[m[Kâ€™ was not declared in this scope
  276 |     [01;31m[Kcallback_count_[m[K++;
      |     [01;31m[K^~~~~~~~~~~~~~~[m[K
gmake[2]: *** [CMakeFiles/torque_read_degree_write.dir/build.make:76: CMakeFiles/torque_read_degree_write.dir/src/torque_read_degree_write.cpp.o] Error 1
gmake[1]: *** [CMakeFiles/Makefile2:305: CMakeFiles/torque_read_degree_write.dir/all] Error 2
gmake: *** [Makefile:146: all] Error 2
