[0.009s] Invoking command in '/home/jmw/ROS2/AVATAR/Dynamixel/build/dynamixel_control': CMAKE_PREFIX_PATH=/home/jmw/ROS2/AVATAR/Dynamixel/install/dynamixel_sdk:/home/jmw/ROS2/AVATAR/Dynamixel/install/dynamixel_control:/opt/ros/humble /usr/bin/cmake --build /home/jmw/ROS2/AVATAR/Dynamixel/build/dynamixel_control -- -j12 -l12
[0.057s] [35m[1mConsolidate compiler generated dependencies of target torque_read_degree_write[0m
[0.058s] [35m[1mConsolidate compiler generated dependencies of target torque_check[0m
[0.071s] [ 14%] Built target joint_state_publisher
[0.072s] [ 28%] Built target read_write_node
[0.072s] [ 42%] Built target csv_joint_state_publisher
[0.074s] [ 57%] Built target rviz_visualization_node
[0.078s] [ 71%] Built target torque_compensation_node
[0.079s] [ 78%] [32mBuilding CXX object CMakeFiles/torque_read_degree_write.dir/src/torque_read_degree_write.cpp.o[0m
[0.081s] [ 92%] Built target torque_check
[2.717s] [01m[K/home/jmw/ROS2/AVATAR/Dynamixel/dynamixel_control/src/torque_read_degree_write.cpp:[m[K In member function â€˜[01m[Kvoid TorqueReadDegreeWrite::timerCallback()[m[Kâ€™:
[2.717s] [01m[K/home/jmw/ROS2/AVATAR/Dynamixel/dynamixel_control/src/torque_read_degree_write.cpp:275:5:[m[K [01;31m[Kerror: [m[Kâ€˜[01m[Ktotal_time_[m[Kâ€™ was not declared in this scope
[2.717s]   275 |     [01;31m[Ktotal_time_[m[K += duration;
[2.718s]       |     [01;31m[K^~~~~~~~~~~[m[K
[2.727s] [01m[K/home/jmw/ROS2/AVATAR/Dynamixel/dynamixel_control/src/torque_read_degree_write.cpp:276:5:[m[K [01;31m[Kerror: [m[Kâ€˜[01m[Kcallback_count_[m[Kâ€™ was not declared in this scope
[2.727s]   276 |     [01;31m[Kcallback_count_[m[K++;
[2.727s]       |     [01;31m[K^~~~~~~~~~~~~~~[m[K
[5.343s] gmake[2]: *** [CMakeFiles/torque_read_degree_write.dir/build.make:76: CMakeFiles/torque_read_degree_write.dir/src/torque_read_degree_write.cpp.o] Error 1
[5.343s] gmake[1]: *** [CMakeFiles/Makefile2:305: CMakeFiles/torque_read_degree_write.dir/all] Error 2
[5.343s] gmake: *** [Makefile:146: all] Error 2
[5.345s] Invoked command in '/home/jmw/ROS2/AVATAR/Dynamixel/build/dynamixel_control' returned '2': CMAKE_PREFIX_PATH=/home/jmw/ROS2/AVATAR/Dynamixel/install/dynamixel_sdk:/home/jmw/ROS2/AVATAR/Dynamixel/install/dynamixel_control:/opt/ros/humble /usr/bin/cmake --build /home/jmw/ROS2/AVATAR/Dynamixel/build/dynamixel_control -- -j12 -l12
