[35m[1mConsolidate compiler generated dependencies of target rviz_visualization_node[0m
[35m[1mConsolidate compiler generated dependencies of target read_write_node[0m
[35m[1mConsolidate compiler generated dependencies of target torque_compensation_node[0m
[35m[1mConsolidate compiler generated dependencies of target joint_state_publisher[0m
[35m[1mConsolidate compiler generated dependencies of target csv_joint_state_publisher[0m
[ 20%] [32mBuilding CXX object CMakeFiles/csv_joint_state_publisher.dir/src/csv_joint_state_publisher.cpp.o[0m
[ 30%] Built target read_write_node
[ 90%] Built target joint_state_publisher
[ 90%] Built target rviz_visualization_node
[ 90%] Built target torque_compensation_node
[01m[K/home/minwoong/OneDrive/JMW/dynamixel_8DOF/Dynamixel/dynamixel_control/src/csv_joint_state_publisher.cpp:[m[K In lambda function:
[01m[K/home/minwoong/OneDrive/JMW/dynamixel_8DOF/Dynamixel/dynamixel_control/src/csv_joint_state_publisher.cpp:29:33:[m[K [01;31m[Kerror: [m[Kâ€˜[01m[Kthis[m[Kâ€™ was not captured for this lambda function
   29 |             return [01;31m[KextractNumber(a)[m[K < extractNumber(b);
      |                    [01;31m[K~~~~~~~~~~~~~^~~[m[K
[01m[K/home/minwoong/OneDrive/JMW/dynamixel_8DOF/Dynamixel/dynamixel_control/src/csv_joint_state_publisher.cpp:29:33:[m[K [01;31m[Kerror: [m[Kcannot call member function â€˜[01m[Kint CSVJointStatePublisher::extractNumber(const string&)[m[Kâ€™ without object
[01m[K/home/minwoong/OneDrive/JMW/dynamixel_8DOF/Dynamixel/dynamixel_control/src/csv_joint_state_publisher.cpp:29:52:[m[K [01;31m[Kerror: [m[Kâ€˜[01m[Kthis[m[Kâ€™ was not captured for this lambda function
   29 |             return extractNumber(a) < [01;31m[KextractNumber(b)[m[K;
      |                                       [01;31m[K~~~~~~~~~~~~~^~~[m[K
[01m[K/home/minwoong/OneDrive/JMW/dynamixel_8DOF/Dynamixel/dynamixel_control/src/csv_joint_state_publisher.cpp:29:52:[m[K [01;31m[Kerror: [m[Kcannot call member function â€˜[01m[Kint CSVJointStatePublisher::extractNumber(const string&)[m[Kâ€™ without object
[01m[K/home/minwoong/OneDrive/JMW/dynamixel_8DOF/Dynamixel/dynamixel_control/src/csv_joint_state_publisher.cpp:[m[K In member function â€˜[01m[Kint CSVJointStatePublisher::extractNumber(const string&)[m[Kâ€™:
[01m[K/home/minwoong/OneDrive/JMW/dynamixel_8DOF/Dynamixel/dynamixel_control/src/csv_joint_state_publisher.cpp:75:14:[m[K [01;31m[Kerror: [m[Kâ€˜[01m[Kregex[m[Kâ€™ is not a member of â€˜[01m[Kstd[m[Kâ€™
   75 |         std::[01;31m[Kregex[m[K number_regex(R"(^(\d+))");
      |              [01;31m[K^~~~~[m[K
[01m[K/home/minwoong/OneDrive/JMW/dynamixel_8DOF/Dynamixel/dynamixel_control/src/csv_joint_state_publisher.cpp:76:14:[m[K [01;31m[Kerror: [m[Kâ€˜[01m[Ksmatch[m[Kâ€™ is not a member of â€˜[01m[Kstd[m[Kâ€™; did you mean â€˜[01m[Ksearch[m[Kâ€™?
   76 |         std::[01;31m[Ksmatch[m[K match;
      |              [01;31m[K^~~~~~[m[K
      |              [32m[Ksearch[m[K
[01m[K/home/minwoong/OneDrive/JMW/dynamixel_8DOF/Dynamixel/dynamixel_control/src/csv_joint_state_publisher.cpp:77:18:[m[K [01;31m[Kerror: [m[Kâ€˜[01m[Kregex_search[m[Kâ€™ is not a member of â€˜[01m[Kstd[m[Kâ€™
   77 |         if (std::[01;31m[Kregex_search[m[K(filename, match, number_regex)) {
      |                  [01;31m[K^~~~~~~~~~~~[m[K
[01m[K/home/minwoong/OneDrive/JMW/dynamixel_8DOF/Dynamixel/dynamixel_control/src/csv_joint_state_publisher.cpp:77:41:[m[K [01;31m[Kerror: [m[Kâ€˜[01m[Kmatch[m[Kâ€™ was not declared in this scope; did you mean â€˜[01m[Krpmatch[m[Kâ€™?
   77 |         if (std::regex_search(filename, [01;31m[Kmatch[m[K, number_regex)) {
      |                                         [01;31m[K^~~~~[m[K
      |                                         [32m[Krpmatch[m[K
[01m[K/home/minwoong/OneDrive/JMW/dynamixel_8DOF/Dynamixel/dynamixel_control/src/csv_joint_state_publisher.cpp:77:48:[m[K [01;31m[Kerror: [m[Kâ€˜[01m[Knumber_regex[m[Kâ€™ was not declared in this scope
   77 |         if (std::regex_search(filename, match, [01;31m[Knumber_regex[m[K)) {
      |                                                [01;31m[K^~~~~~~~~~~~[m[K
[01m[K/home/minwoong/OneDrive/JMW/dynamixel_8DOF/Dynamixel/dynamixel_control/src/csv_joint_state_publisher.cpp:80:16:[m[K [01;31m[Kerror: [m[Kâ€˜[01m[KINT_MAX[m[Kâ€™ was not declared in this scope
   80 |         return [01;31m[KINT_MAX[m[K; // ìˆ«ìžê°€ ì—†ëŠ” ê²½ìš°, í° ê°’ìœ¼ë¡œ ì²˜ë¦¬
      |                [01;31m[K^~~~~~~[m[K
[01m[K/home/minwoong/OneDrive/JMW/dynamixel_8DOF/Dynamixel/dynamixel_control/src/csv_joint_state_publisher.cpp:11:1:[m[K [01;36m[Knote: [m[Kâ€˜[01m[KINT_MAX[m[Kâ€™ is defined in header â€˜[01m[K<climits>[m[Kâ€™; did you forget to â€˜[01m[K#include <climits>[m[Kâ€™?
   10 | #include <poll.h>
  +++ |+[32m[K#include <climits>[m[K
   11 | 
gmake[2]: *** [CMakeFiles/csv_joint_state_publisher.dir/build.make:76: CMakeFiles/csv_joint_state_publisher.dir/src/csv_joint_state_publisher.cpp.o] Error 1
gmake[1]: *** [CMakeFiles/Makefile2:197: CMakeFiles/csv_joint_state_publisher.dir/all] Error 2
gmake: *** [Makefile:146: all] Error 2
