[0.006s] Invoking command in '/home/minwoong/OneDrive/JMW/dynamixel_8DOF/Dynamixel/build/dynamixel_control': CMAKE_PREFIX_PATH=/home/minwoong/OneDrive/JMW/dynamixel_8DOF/Dynamixel/install/dynamixel_sdk:/home/minwoong/OneDrive/JMW/dynamixel_8DOF/Dynamixel/install/dynamixel_control:/opt/ros/humble /usr/bin/cmake --build /home/minwoong/OneDrive/JMW/dynamixel_8DOF/Dynamixel/build/dynamixel_control -- -j24 -l24
[0.034s] [35m[1mConsolidate compiler generated dependencies of target rviz_visualization_node[0m
[0.034s] [35m[1mConsolidate compiler generated dependencies of target read_write_node[0m
[0.034s] [35m[1mConsolidate compiler generated dependencies of target torque_compensation_node[0m
[0.034s] [35m[1mConsolidate compiler generated dependencies of target joint_state_publisher[0m
[0.034s] [35m[1mConsolidate compiler generated dependencies of target csv_joint_state_publisher[0m
[0.047s] [ 20%] [32mBuilding CXX object CMakeFiles/csv_joint_state_publisher.dir/src/csv_joint_state_publisher.cpp.o[0m
[0.047s] [ 30%] Built target read_write_node
[0.047s] [ 90%] Built target joint_state_publisher
[0.047s] [ 90%] Built target rviz_visualization_node
[0.047s] [ 90%] Built target torque_compensation_node
[1.302s] [01m[K/home/minwoong/OneDrive/JMW/dynamixel_8DOF/Dynamixel/dynamixel_control/src/csv_joint_state_publisher.cpp:[m[K In lambda function:
[1.302s] [01m[K/home/minwoong/OneDrive/JMW/dynamixel_8DOF/Dynamixel/dynamixel_control/src/csv_joint_state_publisher.cpp:29:33:[m[K [01;31m[Kerror: [m[Kâ€˜[01m[Kthis[m[Kâ€™ was not captured for this lambda function
[1.302s]    29 |             return [01;31m[KextractNumber(a)[m[K < extractNumber(b);
[1.302s]       |                    [01;31m[K~~~~~~~~~~~~~^~~[m[K
[1.302s] [01m[K/home/minwoong/OneDrive/JMW/dynamixel_8DOF/Dynamixel/dynamixel_control/src/csv_joint_state_publisher.cpp:29:33:[m[K [01;31m[Kerror: [m[Kcannot call member function â€˜[01m[Kint CSVJointStatePublisher::extractNumber(const string&)[m[Kâ€™ without object
[1.302s] [01m[K/home/minwoong/OneDrive/JMW/dynamixel_8DOF/Dynamixel/dynamixel_control/src/csv_joint_state_publisher.cpp:29:52:[m[K [01;31m[Kerror: [m[Kâ€˜[01m[Kthis[m[Kâ€™ was not captured for this lambda function
[1.302s]    29 |             return extractNumber(a) < [01;31m[KextractNumber(b)[m[K;
[1.302s]       |                                       [01;31m[K~~~~~~~~~~~~~^~~[m[K
[1.302s] [01m[K/home/minwoong/OneDrive/JMW/dynamixel_8DOF/Dynamixel/dynamixel_control/src/csv_joint_state_publisher.cpp:29:52:[m[K [01;31m[Kerror: [m[Kcannot call member function â€˜[01m[Kint CSVJointStatePublisher::extractNumber(const string&)[m[Kâ€™ without object
[1.304s] [01m[K/home/minwoong/OneDrive/JMW/dynamixel_8DOF/Dynamixel/dynamixel_control/src/csv_joint_state_publisher.cpp:[m[K In member function â€˜[01m[Kint CSVJointStatePublisher::extractNumber(const string&)[m[Kâ€™:
[1.304s] [01m[K/home/minwoong/OneDrive/JMW/dynamixel_8DOF/Dynamixel/dynamixel_control/src/csv_joint_state_publisher.cpp:75:14:[m[K [01;31m[Kerror: [m[Kâ€˜[01m[Kregex[m[Kâ€™ is not a member of â€˜[01m[Kstd[m[Kâ€™
[1.304s]    75 |         std::[01;31m[Kregex[m[K number_regex(R"(^(\d+))");
[1.304s]       |              [01;31m[K^~~~~[m[K
[1.305s] [01m[K/home/minwoong/OneDrive/JMW/dynamixel_8DOF/Dynamixel/dynamixel_control/src/csv_joint_state_publisher.cpp:76:14:[m[K [01;31m[Kerror: [m[Kâ€˜[01m[Ksmatch[m[Kâ€™ is not a member of â€˜[01m[Kstd[m[Kâ€™; did you mean â€˜[01m[Ksearch[m[Kâ€™?
[1.305s]    76 |         std::[01;31m[Ksmatch[m[K match;
[1.305s]       |              [01;31m[K^~~~~~[m[K
[1.305s]       |              [32m[Ksearch[m[K
[1.305s] [01m[K/home/minwoong/OneDrive/JMW/dynamixel_8DOF/Dynamixel/dynamixel_control/src/csv_joint_state_publisher.cpp:77:18:[m[K [01;31m[Kerror: [m[Kâ€˜[01m[Kregex_search[m[Kâ€™ is not a member of â€˜[01m[Kstd[m[Kâ€™
[1.305s]    77 |         if (std::[01;31m[Kregex_search[m[K(filename, match, number_regex)) {
[1.305s]       |                  [01;31m[K^~~~~~~~~~~~[m[K
[1.308s] [01m[K/home/minwoong/OneDrive/JMW/dynamixel_8DOF/Dynamixel/dynamixel_control/src/csv_joint_state_publisher.cpp:77:41:[m[K [01;31m[Kerror: [m[Kâ€˜[01m[Kmatch[m[Kâ€™ was not declared in this scope; did you mean â€˜[01m[Krpmatch[m[Kâ€™?
[1.308s]    77 |         if (std::regex_search(filename, [01;31m[Kmatch[m[K, number_regex)) {
[1.308s]       |                                         [01;31m[K^~~~~[m[K
[1.308s]       |                                         [32m[Krpmatch[m[K
[1.311s] [01m[K/home/minwoong/OneDrive/JMW/dynamixel_8DOF/Dynamixel/dynamixel_control/src/csv_joint_state_publisher.cpp:77:48:[m[K [01;31m[Kerror: [m[Kâ€˜[01m[Knumber_regex[m[Kâ€™ was not declared in this scope
[1.311s]    77 |         if (std::regex_search(filename, match, [01;31m[Knumber_regex[m[K)) {
[1.311s]       |                                                [01;31m[K^~~~~~~~~~~~[m[K
[1.312s] [01m[K/home/minwoong/OneDrive/JMW/dynamixel_8DOF/Dynamixel/dynamixel_control/src/csv_joint_state_publisher.cpp:80:16:[m[K [01;31m[Kerror: [m[Kâ€˜[01m[KINT_MAX[m[Kâ€™ was not declared in this scope
[1.312s]    80 |         return [01;31m[KINT_MAX[m[K; // ìˆ«ìžê°€ ì—†ëŠ” ê²½ìš°, í° ê°’ìœ¼ë¡œ ì²˜ë¦¬
[1.312s]       |                [01;31m[K^~~~~~~[m[K
[1.312s] [01m[K/home/minwoong/OneDrive/JMW/dynamixel_8DOF/Dynamixel/dynamixel_control/src/csv_joint_state_publisher.cpp:11:1:[m[K [01;36m[Knote: [m[Kâ€˜[01m[KINT_MAX[m[Kâ€™ is defined in header â€˜[01m[K<climits>[m[Kâ€™; did you forget to â€˜[01m[K#include <climits>[m[Kâ€™?
[1.312s]    10 | #include <poll.h>
[1.312s]   +++ |+[32m[K#include <climits>[m[K
[1.312s]    11 | 
[1.743s] gmake[2]: *** [CMakeFiles/csv_joint_state_publisher.dir/build.make:76: CMakeFiles/csv_joint_state_publisher.dir/src/csv_joint_state_publisher.cpp.o] Error 1
[1.744s] gmake[1]: *** [CMakeFiles/Makefile2:197: CMakeFiles/csv_joint_state_publisher.dir/all] Error 2
[1.744s] gmake: *** [Makefile:146: all] Error 2
[1.746s] Invoked command in '/home/minwoong/OneDrive/JMW/dynamixel_8DOF/Dynamixel/build/dynamixel_control' returned '2': CMAKE_PREFIX_PATH=/home/minwoong/OneDrive/JMW/dynamixel_8DOF/Dynamixel/install/dynamixel_sdk:/home/minwoong/OneDrive/JMW/dynamixel_8DOF/Dynamixel/install/dynamixel_control:/opt/ros/humble /usr/bin/cmake --build /home/minwoong/OneDrive/JMW/dynamixel_8DOF/Dynamixel/build/dynamixel_control -- -j24 -l24
