[35m[1mConsolidate compiler generated dependencies of target poppy_read_write_node[0m
[ 11%] Built target read_write_node
[ 22%] Built target joint_state_publisher
[ 33%] Built target torque_read_degree_write
[ 55%] Built target csv_joint_state_publisher
[ 55%] Built target rviz_visualization_node
[ 77%] Built target h1_csv_joint_state_publisher
[ 77%] Built target poppy_csv_joint_state_publisher
[ 83%] [32mBuilding CXX object CMakeFiles/poppy_read_write_node.dir/src/poppy_read_write_node.cpp.o[0m
[ 94%] Built target torque_compensation_node
[01m[K/home/minwoong/OneDrive/JMW/dynamixel_8DOF/Dynamixel/dynamixel_control/src/poppy_read_write_node.cpp:[m[K In constructor â€˜[01m[KPoppyController::PoppyController()[m[Kâ€™:
[01m[K/home/minwoong/OneDrive/JMW/dynamixel_8DOF/Dynamixel/dynamixel_control/src/poppy_read_write_node.cpp:111:34:[m[K [01;31m[Kerror: [m[Kâ€˜[01m[KGOAL_VEL[m[Kâ€™ was not declared in this scope
  111 |     setGoalVelocity(WHOLE_MOTOR, [01;31m[KGOAL_VEL[m[K);
      |                                  [01;31m[K^~~~~~~~[m[K
[01m[K/home/minwoong/OneDrive/JMW/dynamixel_8DOF/Dynamixel/dynamixel_control/src/poppy_read_write_node.cpp:[m[K In member function â€˜[01m[Kvoid PoppyController::enableTorque()[m[Kâ€™:
[01m[K/home/minwoong/OneDrive/JMW/dynamixel_8DOF/Dynamixel/dynamixel_control/src/poppy_read_write_node.cpp:170:76:[m[K [01;31m[Kerror: [m[Kâ€˜[01m[KADDR_PRO_TORQUE_ENABLE[m[Kâ€™ was not declared in this scope; did you mean â€˜[01m[KADDR_MX28_TORQUE_ENABLE[m[Kâ€™?
  170 |       dxl_comm_result = packetHandler->write1ByteTxRx(portHandler, dxl_id, [01;31m[KADDR_PRO_TORQUE_ENABLE[m[K, 1, &dxl_error);
      |                                                                            [01;31m[K^~~~~~~~~~~~~~~~~~~~~~[m[K
      |                                                                            [32m[KADDR_MX28_TORQUE_ENABLE[m[K
[01m[K/home/minwoong/OneDrive/JMW/dynamixel_8DOF/Dynamixel/dynamixel_control/src/poppy_read_write_node.cpp:[m[K In member function â€˜[01m[Kvoid PoppyController::disableTorque()[m[Kâ€™:
[01m[K/home/minwoong/OneDrive/JMW/dynamixel_8DOF/Dynamixel/dynamixel_control/src/poppy_read_write_node.cpp:181:76:[m[K [01;31m[Kerror: [m[Kâ€˜[01m[KADDR_PRO_TORQUE_ENABLE[m[Kâ€™ was not declared in this scope; did you mean â€˜[01m[KADDR_MX28_TORQUE_ENABLE[m[Kâ€™?
  181 |       dxl_comm_result = packetHandler->write1ByteTxRx(portHandler, dxl_id, [01;31m[KADDR_PRO_TORQUE_ENABLE[m[K, 0, &dxl_error);
      |                                                                            [01;31m[K^~~~~~~~~~~~~~~~~~~~~~[m[K
      |                                                                            [32m[KADDR_MX28_TORQUE_ENABLE[m[K
[01m[K/home/minwoong/OneDrive/JMW/dynamixel_8DOF/Dynamixel/dynamixel_control/src/poppy_read_write_node.cpp:[m[K In member function â€˜[01m[Kvoid PoppyController::setGoalVelocity(const std::set<unsigned char>&, int)[m[Kâ€™:
[01m[K/home/minwoong/OneDrive/JMW/dynamixel_8DOF/Dynamixel/dynamixel_control/src/poppy_read_write_node.cpp:192:76:[m[K [01;31m[Kerror: [m[Kâ€˜[01m[KADDR_PRO_GOAL_VEL[m[Kâ€™ was not declared in this scope
  192 |       dxl_comm_result = packetHandler->write4ByteTxRx(portHandler, dxl_id, [01;31m[KADDR_PRO_GOAL_VEL[m[K, value, &dxl_error);
      |                                                                            [01;31m[K^~~~~~~~~~~~~~~~~[m[K
[01m[K/home/minwoong/OneDrive/JMW/dynamixel_8DOF/Dynamixel/dynamixel_control/src/poppy_read_write_node.cpp:[m[K In member function â€˜[01m[Kvoid PoppyController::setPositionLimit(const std::set<unsigned char>&)[m[Kâ€™:
[01m[K/home/minwoong/OneDrive/JMW/dynamixel_8DOF/Dynamixel/dynamixel_control/src/poppy_read_write_node.cpp:216:78:[m[K [01;31m[Kerror: [m[Kâ€˜[01m[KADDR_PRO_MIN_POSITION[m[Kâ€™ was not declared in this scope; did you mean â€˜[01m[KADDR_MX28_MIN_POSITION[m[Kâ€™?
  216 |         dxl_comm_result = packetHandler->write4ByteTxRx(portHandler, dxl_id, [01;31m[KADDR_PRO_MIN_POSITION[m[K, min_pos, &dxl_error);
      |                                                                              [01;31m[K^~~~~~~~~~~~~~~~~~~~~[m[K
      |                                                                              [32m[KADDR_MX28_MIN_POSITION[m[K
[01m[K/home/minwoong/OneDrive/JMW/dynamixel_8DOF/Dynamixel/dynamixel_control/src/poppy_read_write_node.cpp:224:78:[m[K [01;31m[Kerror: [m[Kâ€˜[01m[KADDR_PRO_MAX_POSITION[m[Kâ€™ was not declared in this scope; did you mean â€˜[01m[KADDR_MX28_MAX_POSITION[m[Kâ€™?
  224 |         dxl_comm_result = packetHandler->write4ByteTxRx(portHandler, dxl_id, [01;31m[KADDR_PRO_MAX_POSITION[m[K, max_pos, &dxl_error);
      |                                                                              [01;31m[K^~~~~~~~~~~~~~~~~~~~~[m[K
      |                                                                              [32m[KADDR_MX28_MAX_POSITION[m[K
[01m[K/home/minwoong/OneDrive/JMW/dynamixel_8DOF/Dynamixel/dynamixel_control/src/poppy_read_write_node.cpp:[m[K In member function â€˜[01m[Kint PoppyController::Rad2Pos(uint8_t, float)[m[Kâ€™:
[01m[K/home/minwoong/OneDrive/JMW/dynamixel_8DOF/Dynamixel/dynamixel_control/src/poppy_read_write_node.cpp:382:26:[m[K [01;31m[Kerror: [m[Krequest for member â€˜[01m[Kfind[m[Kâ€™ in â€˜[01m[K2047[m[Kâ€™, which is of non-class type â€˜[01m[Kint[m[Kâ€™
  382 |       if (MX28_MOTOR_POS.[01;31m[Kfind[m[K(dxl_id) != MX28_MOTOR_POS.end()) {
      |                          [01;31m[K^~~~[m[K
[01m[K/home/minwoong/OneDrive/JMW/dynamixel_8DOF/Dynamixel/dynamixel_control/src/poppy_read_write_node.cpp:382:57:[m[K [01;31m[Kerror: [m[Krequest for member â€˜[01m[Kend[m[Kâ€™ in â€˜[01m[K2047[m[Kâ€™, which is of non-class type â€˜[01m[Kint[m[Kâ€™
  382 |       if (MX28_MOTOR_POS.find(dxl_id) != MX28_MOTOR_POS.[01;31m[Kend[m[K()) {
      |                                                         [01;31m[K^~~[m[K
gmake[2]: *** [CMakeFiles/poppy_read_write_node.dir/build.make:76: CMakeFiles/poppy_read_write_node.dir/src/poppy_read_write_node.cpp.o] Error 1
gmake[1]: *** [CMakeFiles/Makefile2:179: CMakeFiles/poppy_read_write_node.dir/all] Error 2
gmake: *** [Makefile:146: all] Error 2
