[0.006s] Invoking command in '/home/minwoong/OneDrive/JMW/dynamixel_8DOF/Dynamixel/build/dynamixel_control': CMAKE_PREFIX_PATH=/home/minwoong/OneDrive/JMW/dynamixel_8DOF/Dynamixel/install/dynamixel_sdk:/home/minwoong/OneDrive/JMW/dynamixel_8DOF/Dynamixel/install/dynamixel_control:/opt/ros/humble /usr/bin/cmake --build /home/minwoong/OneDrive/JMW/dynamixel_8DOF/Dynamixel/build/dynamixel_control -- -j24 -l24
[0.036s] [35m[1mConsolidate compiler generated dependencies of target poppy_read_write_node[0m
[0.045s] [ 11%] Built target read_write_node
[0.046s] [ 22%] Built target joint_state_publisher
[0.046s] [ 33%] Built target torque_read_degree_write
[0.047s] [ 55%] Built target csv_joint_state_publisher
[0.047s] [ 55%] Built target rviz_visualization_node
[0.047s] [ 77%] Built target h1_csv_joint_state_publisher
[0.047s] [ 77%] Built target poppy_csv_joint_state_publisher
[0.048s] [ 83%] [32mBuilding CXX object CMakeFiles/poppy_read_write_node.dir/src/poppy_read_write_node.cpp.o[0m
[0.049s] [ 94%] Built target torque_compensation_node
[1.289s] [01m[K/home/minwoong/OneDrive/JMW/dynamixel_8DOF/Dynamixel/dynamixel_control/src/poppy_read_write_node.cpp:[m[K In constructor â€˜[01m[KPoppyController::PoppyController()[m[Kâ€™:
[1.289s] [01m[K/home/minwoong/OneDrive/JMW/dynamixel_8DOF/Dynamixel/dynamixel_control/src/poppy_read_write_node.cpp:111:34:[m[K [01;31m[Kerror: [m[Kâ€˜[01m[KGOAL_VEL[m[Kâ€™ was not declared in this scope
[1.289s]   111 |     setGoalVelocity(WHOLE_MOTOR, [01;31m[KGOAL_VEL[m[K);
[1.289s]       |                                  [01;31m[K^~~~~~~~[m[K
[1.304s] [01m[K/home/minwoong/OneDrive/JMW/dynamixel_8DOF/Dynamixel/dynamixel_control/src/poppy_read_write_node.cpp:[m[K In member function â€˜[01m[Kvoid PoppyController::enableTorque()[m[Kâ€™:
[1.304s] [01m[K/home/minwoong/OneDrive/JMW/dynamixel_8DOF/Dynamixel/dynamixel_control/src/poppy_read_write_node.cpp:170:76:[m[K [01;31m[Kerror: [m[Kâ€˜[01m[KADDR_PRO_TORQUE_ENABLE[m[Kâ€™ was not declared in this scope; did you mean â€˜[01m[KADDR_MX28_TORQUE_ENABLE[m[Kâ€™?
[1.304s]   170 |       dxl_comm_result = packetHandler->write1ByteTxRx(portHandler, dxl_id, [01;31m[KADDR_PRO_TORQUE_ENABLE[m[K, 1, &dxl_error);
[1.304s]       |                                                                            [01;31m[K^~~~~~~~~~~~~~~~~~~~~~[m[K
[1.304s]       |                                                                            [32m[KADDR_MX28_TORQUE_ENABLE[m[K
[1.309s] [01m[K/home/minwoong/OneDrive/JMW/dynamixel_8DOF/Dynamixel/dynamixel_control/src/poppy_read_write_node.cpp:[m[K In member function â€˜[01m[Kvoid PoppyController::disableTorque()[m[Kâ€™:
[1.309s] [01m[K/home/minwoong/OneDrive/JMW/dynamixel_8DOF/Dynamixel/dynamixel_control/src/poppy_read_write_node.cpp:181:76:[m[K [01;31m[Kerror: [m[Kâ€˜[01m[KADDR_PRO_TORQUE_ENABLE[m[Kâ€™ was not declared in this scope; did you mean â€˜[01m[KADDR_MX28_TORQUE_ENABLE[m[Kâ€™?
[1.310s]   181 |       dxl_comm_result = packetHandler->write1ByteTxRx(portHandler, dxl_id, [01;31m[KADDR_PRO_TORQUE_ENABLE[m[K, 0, &dxl_error);
[1.310s]       |                                                                            [01;31m[K^~~~~~~~~~~~~~~~~~~~~~[m[K
[1.310s]       |                                                                            [32m[KADDR_MX28_TORQUE_ENABLE[m[K
[1.315s] [01m[K/home/minwoong/OneDrive/JMW/dynamixel_8DOF/Dynamixel/dynamixel_control/src/poppy_read_write_node.cpp:[m[K In member function â€˜[01m[Kvoid PoppyController::setGoalVelocity(const std::set<unsigned char>&, int)[m[Kâ€™:
[1.315s] [01m[K/home/minwoong/OneDrive/JMW/dynamixel_8DOF/Dynamixel/dynamixel_control/src/poppy_read_write_node.cpp:192:76:[m[K [01;31m[Kerror: [m[Kâ€˜[01m[KADDR_PRO_GOAL_VEL[m[Kâ€™ was not declared in this scope
[1.315s]   192 |       dxl_comm_result = packetHandler->write4ByteTxRx(portHandler, dxl_id, [01;31m[KADDR_PRO_GOAL_VEL[m[K, value, &dxl_error);
[1.315s]       |                                                                            [01;31m[K^~~~~~~~~~~~~~~~~[m[K
[1.321s] [01m[K/home/minwoong/OneDrive/JMW/dynamixel_8DOF/Dynamixel/dynamixel_control/src/poppy_read_write_node.cpp:[m[K In member function â€˜[01m[Kvoid PoppyController::setPositionLimit(const std::set<unsigned char>&)[m[Kâ€™:
[1.321s] [01m[K/home/minwoong/OneDrive/JMW/dynamixel_8DOF/Dynamixel/dynamixel_control/src/poppy_read_write_node.cpp:216:78:[m[K [01;31m[Kerror: [m[Kâ€˜[01m[KADDR_PRO_MIN_POSITION[m[Kâ€™ was not declared in this scope; did you mean â€˜[01m[KADDR_MX28_MIN_POSITION[m[Kâ€™?
[1.321s]   216 |         dxl_comm_result = packetHandler->write4ByteTxRx(portHandler, dxl_id, [01;31m[KADDR_PRO_MIN_POSITION[m[K, min_pos, &dxl_error);
[1.321s]       |                                                                              [01;31m[K^~~~~~~~~~~~~~~~~~~~~[m[K
[1.321s]       |                                                                              [32m[KADDR_MX28_MIN_POSITION[m[K
[1.325s] [01m[K/home/minwoong/OneDrive/JMW/dynamixel_8DOF/Dynamixel/dynamixel_control/src/poppy_read_write_node.cpp:224:78:[m[K [01;31m[Kerror: [m[Kâ€˜[01m[KADDR_PRO_MAX_POSITION[m[Kâ€™ was not declared in this scope; did you mean â€˜[01m[KADDR_MX28_MAX_POSITION[m[Kâ€™?
[1.325s]   224 |         dxl_comm_result = packetHandler->write4ByteTxRx(portHandler, dxl_id, [01;31m[KADDR_PRO_MAX_POSITION[m[K, max_pos, &dxl_error);
[1.325s]       |                                                                              [01;31m[K^~~~~~~~~~~~~~~~~~~~~[m[K
[1.325s]       |                                                                              [32m[KADDR_MX28_MAX_POSITION[m[K
[1.331s] [01m[K/home/minwoong/OneDrive/JMW/dynamixel_8DOF/Dynamixel/dynamixel_control/src/poppy_read_write_node.cpp:[m[K In member function â€˜[01m[Kint PoppyController::Rad2Pos(uint8_t, float)[m[Kâ€™:
[1.331s] [01m[K/home/minwoong/OneDrive/JMW/dynamixel_8DOF/Dynamixel/dynamixel_control/src/poppy_read_write_node.cpp:382:26:[m[K [01;31m[Kerror: [m[Krequest for member â€˜[01m[Kfind[m[Kâ€™ in â€˜[01m[K2047[m[Kâ€™, which is of non-class type â€˜[01m[Kint[m[Kâ€™
[1.331s]   382 |       if (MX28_MOTOR_POS.[01;31m[Kfind[m[K(dxl_id) != MX28_MOTOR_POS.end()) {
[1.331s]       |                          [01;31m[K^~~~[m[K
[1.331s] [01m[K/home/minwoong/OneDrive/JMW/dynamixel_8DOF/Dynamixel/dynamixel_control/src/poppy_read_write_node.cpp:382:57:[m[K [01;31m[Kerror: [m[Krequest for member â€˜[01m[Kend[m[Kâ€™ in â€˜[01m[K2047[m[Kâ€™, which is of non-class type â€˜[01m[Kint[m[Kâ€™
[1.331s]   382 |       if (MX28_MOTOR_POS.find(dxl_id) != MX28_MOTOR_POS.[01;31m[Kend[m[K()) {
[1.331s]       |                                                         [01;31m[K^~~[m[K
[2.629s] gmake[2]: *** [CMakeFiles/poppy_read_write_node.dir/build.make:76: CMakeFiles/poppy_read_write_node.dir/src/poppy_read_write_node.cpp.o] Error 1
[2.629s] gmake[1]: *** [CMakeFiles/Makefile2:179: CMakeFiles/poppy_read_write_node.dir/all] Error 2
[2.630s] gmake: *** [Makefile:146: all] Error 2
[2.632s] Invoked command in '/home/minwoong/OneDrive/JMW/dynamixel_8DOF/Dynamixel/build/dynamixel_control' returned '2': CMAKE_PREFIX_PATH=/home/minwoong/OneDrive/JMW/dynamixel_8DOF/Dynamixel/install/dynamixel_sdk:/home/minwoong/OneDrive/JMW/dynamixel_8DOF/Dynamixel/install/dynamixel_control:/opt/ros/humble /usr/bin/cmake --build /home/minwoong/OneDrive/JMW/dynamixel_8DOF/Dynamixel/build/dynamixel_control -- -j24 -l24
