[0.006s] Invoking command in '/home/minwoong/OneDrive/JMW/dynamixel_8DOF/Dynamixel/build/dynamixel_control': CMAKE_PREFIX_PATH=/home/minwoong/OneDrive/JMW/dynamixel_8DOF/Dynamixel/install/dynamixel_sdk:/home/minwoong/OneDrive/JMW/dynamixel_8DOF/Dynamixel/install/dynamixel_control:/opt/ros/humble /usr/bin/cmake --build /home/minwoong/OneDrive/JMW/dynamixel_8DOF/Dynamixel/build/dynamixel_control -- -j24 -l24
[0.038s] [35m[1mConsolidate compiler generated dependencies of target poppy_read_write_node[0m
[0.047s] [ 33%] Built target h1_csv_joint_state_publisher
[0.048s] [ 33%] Built target torque_compensation_node
[0.048s] [ 33%] Built target joint_state_publisher
[0.048s] [ 61%] Built target poppy_csv_joint_state_publisher
[0.048s] [ 55%] Built target read_write_node
[0.048s] [ 66%] Built target csv_joint_state_publisher
[0.048s] [ 77%] Built target torque_read_degree_write
[0.048s] [ 88%] Built target rviz_visualization_node
[0.051s] [ 94%] [32mBuilding CXX object CMakeFiles/poppy_read_write_node.dir/src/poppy_read_write_node.cpp.o[0m
[1.277s] [01m[K/home/minwoong/OneDrive/JMW/dynamixel_8DOF/Dynamixel/dynamixel_control/src/poppy_read_write_node.cpp:[m[K In constructor â€˜[01m[KPoppyController::PoppyController()[m[Kâ€™:
[1.277s] [01m[K/home/minwoong/OneDrive/JMW/dynamixel_8DOF/Dynamixel/dynamixel_control/src/poppy_read_write_node.cpp:111:34:[m[K [01;31m[Kerror: [m[Kâ€˜[01m[KGOAL_VEL[m[Kâ€™ was not declared in this scope
[1.277s]   111 |     setGoalVelocity(WHOLE_MOTOR, [01;31m[KGOAL_VEL[m[K);
[1.277s]       |                                  [01;31m[K^~~~~~~~[m[K
[1.291s] [01m[K/home/minwoong/OneDrive/JMW/dynamixel_8DOF/Dynamixel/dynamixel_control/src/poppy_read_write_node.cpp:[m[K In member function â€˜[01m[Kvoid PoppyController::enableTorque()[m[Kâ€™:
[1.291s] [01m[K/home/minwoong/OneDrive/JMW/dynamixel_8DOF/Dynamixel/dynamixel_control/src/poppy_read_write_node.cpp:170:76:[m[K [01;31m[Kerror: [m[Kâ€˜[01m[KADDR_PRO_TORQUE_ENABLE[m[Kâ€™ was not declared in this scope; did you mean â€˜[01m[KADDR_MX28_TORQUE_ENABLE[m[Kâ€™?
[1.291s]   170 |       dxl_comm_result = packetHandler->write1ByteTxRx(portHandler, dxl_id, [01;31m[KADDR_PRO_TORQUE_ENABLE[m[K, 1, &dxl_error);
[1.291s]       |                                                                            [01;31m[K^~~~~~~~~~~~~~~~~~~~~~[m[K
[1.291s]       |                                                                            [32m[KADDR_MX28_TORQUE_ENABLE[m[K
[1.296s] [01m[K/home/minwoong/OneDrive/JMW/dynamixel_8DOF/Dynamixel/dynamixel_control/src/poppy_read_write_node.cpp:[m[K In member function â€˜[01m[Kvoid PoppyController::disableTorque()[m[Kâ€™:
[1.296s] [01m[K/home/minwoong/OneDrive/JMW/dynamixel_8DOF/Dynamixel/dynamixel_control/src/poppy_read_write_node.cpp:181:76:[m[K [01;31m[Kerror: [m[Kâ€˜[01m[KADDR_PRO_TORQUE_ENABLE[m[Kâ€™ was not declared in this scope; did you mean â€˜[01m[KADDR_MX28_TORQUE_ENABLE[m[Kâ€™?
[1.296s]   181 |       dxl_comm_result = packetHandler->write1ByteTxRx(portHandler, dxl_id, [01;31m[KADDR_PRO_TORQUE_ENABLE[m[K, 0, &dxl_error);
[1.296s]       |                                                                            [01;31m[K^~~~~~~~~~~~~~~~~~~~~~[m[K
[1.296s]       |                                                                            [32m[KADDR_MX28_TORQUE_ENABLE[m[K
[1.301s] [01m[K/home/minwoong/OneDrive/JMW/dynamixel_8DOF/Dynamixel/dynamixel_control/src/poppy_read_write_node.cpp:[m[K In member function â€˜[01m[Kvoid PoppyController::setGoalVelocity(const std::set<unsigned char>&, int)[m[Kâ€™:
[1.301s] [01m[K/home/minwoong/OneDrive/JMW/dynamixel_8DOF/Dynamixel/dynamixel_control/src/poppy_read_write_node.cpp:192:76:[m[K [01;31m[Kerror: [m[Kâ€˜[01m[KADDR_PRO_GOAL_VEL[m[Kâ€™ was not declared in this scope
[1.301s]   192 |       dxl_comm_result = packetHandler->write4ByteTxRx(portHandler, dxl_id, [01;31m[KADDR_PRO_GOAL_VEL[m[K, value, &dxl_error);
[1.301s]       |                                                                            [01;31m[K^~~~~~~~~~~~~~~~~[m[K
[1.307s] [01m[K/home/minwoong/OneDrive/JMW/dynamixel_8DOF/Dynamixel/dynamixel_control/src/poppy_read_write_node.cpp:[m[K In member function â€˜[01m[Kvoid PoppyController::setPositionLimit(const std::set<unsigned char>&)[m[Kâ€™:
[1.307s] [01m[K/home/minwoong/OneDrive/JMW/dynamixel_8DOF/Dynamixel/dynamixel_control/src/poppy_read_write_node.cpp:216:78:[m[K [01;31m[Kerror: [m[Kâ€˜[01m[KADDR_PRO_MIN_POSITION[m[Kâ€™ was not declared in this scope; did you mean â€˜[01m[KADDR_MX28_MIN_POSITION[m[Kâ€™?
[1.307s]   216 |         dxl_comm_result = packetHandler->write4ByteTxRx(portHandler, dxl_id, [01;31m[KADDR_PRO_MIN_POSITION[m[K, min_pos, &dxl_error);
[1.307s]       |                                                                              [01;31m[K^~~~~~~~~~~~~~~~~~~~~[m[K
[1.308s]       |                                                                              [32m[KADDR_MX28_MIN_POSITION[m[K
[1.312s] [01m[K/home/minwoong/OneDrive/JMW/dynamixel_8DOF/Dynamixel/dynamixel_control/src/poppy_read_write_node.cpp:224:78:[m[K [01;31m[Kerror: [m[Kâ€˜[01m[KADDR_PRO_MAX_POSITION[m[Kâ€™ was not declared in this scope; did you mean â€˜[01m[KADDR_MX28_MAX_POSITION[m[Kâ€™?
[1.312s]   224 |         dxl_comm_result = packetHandler->write4ByteTxRx(portHandler, dxl_id, [01;31m[KADDR_PRO_MAX_POSITION[m[K, max_pos, &dxl_error);
[1.312s]       |                                                                              [01;31m[K^~~~~~~~~~~~~~~~~~~~~[m[K
[1.312s]       |                                                                              [32m[KADDR_MX28_MAX_POSITION[m[K
[2.606s] gmake[2]: *** [CMakeFiles/poppy_read_write_node.dir/build.make:76: CMakeFiles/poppy_read_write_node.dir/src/poppy_read_write_node.cpp.o] Error 1
[2.607s] gmake[1]: *** [CMakeFiles/Makefile2:179: CMakeFiles/poppy_read_write_node.dir/all] Error 2
[2.607s] gmake: *** [Makefile:146: all] Error 2
[2.609s] Invoked command in '/home/minwoong/OneDrive/JMW/dynamixel_8DOF/Dynamixel/build/dynamixel_control' returned '2': CMAKE_PREFIX_PATH=/home/minwoong/OneDrive/JMW/dynamixel_8DOF/Dynamixel/install/dynamixel_sdk:/home/minwoong/OneDrive/JMW/dynamixel_8DOF/Dynamixel/install/dynamixel_control:/opt/ros/humble /usr/bin/cmake --build /home/minwoong/OneDrive/JMW/dynamixel_8DOF/Dynamixel/build/dynamixel_control -- -j24 -l24
