[0.006s] Invoking command in '/home/minwoong/OneDrive/JMW/dynamixel_8DOF/Dynamixel/build/dynamixel_control': CMAKE_PREFIX_PATH=/home/minwoong/OneDrive/JMW/dynamixel_8DOF/Dynamixel/install/dynamixel_sdk:/home/minwoong/OneDrive/JMW/dynamixel_8DOF/Dynamixel/install/dynamixel_control:/opt/ros/humble /usr/bin/cmake --build /home/minwoong/OneDrive/JMW/dynamixel_8DOF/Dynamixel/build/dynamixel_control -- -j24 -l24
[0.034s] [35m[1mConsolidate compiler generated dependencies of target csv_joint_state_publisher[0m
[0.041s] [ 40%] Built target rviz_visualization_node
[0.041s] [ 40%] Built target torque_compensation_node
[0.041s] [ 70%] Built target read_write_node
[0.041s] [ 80%] Built target joint_state_publisher
[0.045s] [ 90%] [32mBuilding CXX object CMakeFiles/csv_joint_state_publisher.dir/src/csv_joint_state_publisher.cpp.o[0m
[1.352s] [01m[K/home/minwoong/OneDrive/JMW/dynamixel_8DOF/Dynamixel/dynamixel_control/src/csv_joint_state_publisher.cpp:[m[K In lambda function:
[1.352s] [01m[K/home/minwoong/OneDrive/JMW/dynamixel_8DOF/Dynamixel/dynamixel_control/src/csv_joint_state_publisher.cpp:31:33:[m[K [01;31m[Kerror: [m[Kâ€˜[01m[Kthis[m[Kâ€™ was not captured for this lambda function
[1.352s]    31 |             return [01;31m[KextractNumber(a)[m[K < extractNumber(b);
[1.352s]       |                    [01;31m[K~~~~~~~~~~~~~^~~[m[K
[1.353s] [01m[K/home/minwoong/OneDrive/JMW/dynamixel_8DOF/Dynamixel/dynamixel_control/src/csv_joint_state_publisher.cpp:31:33:[m[K [01;31m[Kerror: [m[Kcannot call member function â€˜[01m[Kint CSVJointStatePublisher::extractNumber(const string&)[m[Kâ€™ without object
[1.353s] [01m[K/home/minwoong/OneDrive/JMW/dynamixel_8DOF/Dynamixel/dynamixel_control/src/csv_joint_state_publisher.cpp:31:52:[m[K [01;31m[Kerror: [m[Kâ€˜[01m[Kthis[m[Kâ€™ was not captured for this lambda function
[1.353s]    31 |             return extractNumber(a) < [01;31m[KextractNumber(b)[m[K;
[1.353s]       |                                       [01;31m[K~~~~~~~~~~~~~^~~[m[K
[1.353s] [01m[K/home/minwoong/OneDrive/JMW/dynamixel_8DOF/Dynamixel/dynamixel_control/src/csv_joint_state_publisher.cpp:31:52:[m[K [01;31m[Kerror: [m[Kcannot call member function â€˜[01m[Kint CSVJointStatePublisher::extractNumber(const string&)[m[Kâ€™ without object
[1.358s] [01m[K/home/minwoong/OneDrive/JMW/dynamixel_8DOF/Dynamixel/dynamixel_control/src/csv_joint_state_publisher.cpp:[m[K In member function â€˜[01m[Kint CSVJointStatePublisher::extractNumber(const string&)[m[Kâ€™:
[1.358s] [01m[K/home/minwoong/OneDrive/JMW/dynamixel_8DOF/Dynamixel/dynamixel_control/src/csv_joint_state_publisher.cpp:82:16:[m[K [01;31m[Kerror: [m[Kâ€˜[01m[KINT_MAX[m[Kâ€™ was not declared in this scope
[1.358s]    82 |         return [01;31m[KINT_MAX[m[K; // ìˆ«ìžê°€ ì—†ëŠ” ê²½ìš°, í° ê°’ìœ¼ë¡œ ì²˜ë¦¬
[1.358s]       |                [01;31m[K^~~~~~~[m[K
[1.358s] [01m[K/home/minwoong/OneDrive/JMW/dynamixel_8DOF/Dynamixel/dynamixel_control/src/csv_joint_state_publisher.cpp:12:1:[m[K [01;36m[Knote: [m[Kâ€˜[01m[KINT_MAX[m[Kâ€™ is defined in header â€˜[01m[K<climits>[m[Kâ€™; did you forget to â€˜[01m[K#include <climits>[m[Kâ€™?
[1.358s]    11 | #include <regex>
[1.358s]   +++ |+[32m[K#include <climits>[m[K
[1.358s]    12 | #include <algorithm>
[1.967s] gmake[2]: *** [CMakeFiles/csv_joint_state_publisher.dir/build.make:76: CMakeFiles/csv_joint_state_publisher.dir/src/csv_joint_state_publisher.cpp.o] Error 1
[1.968s] gmake[1]: *** [CMakeFiles/Makefile2:197: CMakeFiles/csv_joint_state_publisher.dir/all] Error 2
[1.968s] gmake: *** [Makefile:146: all] Error 2
[1.970s] Invoked command in '/home/minwoong/OneDrive/JMW/dynamixel_8DOF/Dynamixel/build/dynamixel_control' returned '2': CMAKE_PREFIX_PATH=/home/minwoong/OneDrive/JMW/dynamixel_8DOF/Dynamixel/install/dynamixel_sdk:/home/minwoong/OneDrive/JMW/dynamixel_8DOF/Dynamixel/install/dynamixel_control:/opt/ros/humble /usr/bin/cmake --build /home/minwoong/OneDrive/JMW/dynamixel_8DOF/Dynamixel/build/dynamixel_control -- -j24 -l24
