[01m[K/home/minwoong/OneDrive/JMW/dynamixel_8DOF/Dynamixel/dynamixel_control/src/csv_joint_state_publisher.cpp:[m[K In lambda function:
[01m[K/home/minwoong/OneDrive/JMW/dynamixel_8DOF/Dynamixel/dynamixel_control/src/csv_joint_state_publisher.cpp:61:24:[m[K [01;31m[Kerror: [m[Kâ€˜[01m[KINT_MAX[m[Kâ€™ was not declared in this scope
   61 |                 return [01;31m[KINT_MAX[m[K; // ìˆ«ìê°€ ì—†ì„ ê²½ìš° í° ê°’ ë°˜í™˜
      |                        [01;31m[K^~~~~~~[m[K
[01m[K/home/minwoong/OneDrive/JMW/dynamixel_8DOF/Dynamixel/dynamixel_control/src/csv_joint_state_publisher.cpp:11:1:[m[K [01;36m[Knote: [m[Kâ€˜[01m[KINT_MAX[m[Kâ€™ is defined in header â€˜[01m[K<climits>[m[Kâ€™; did you forget to â€˜[01m[K#include <climits>[m[Kâ€™?
   10 | #include <poll.h>
  +++ |+[32m[K#include <climits>[m[K
   11 | 
gmake[2]: *** [CMakeFiles/csv_joint_state_publisher.dir/build.make:76: CMakeFiles/csv_joint_state_publisher.dir/src/csv_joint_state_publisher.cpp.o] Error 1
gmake[1]: *** [CMakeFiles/Makefile2:197: CMakeFiles/csv_joint_state_publisher.dir/all] Error 2
gmake: *** [Makefile:146: all] Error 2
