[0.006s] Invoking command in '/home/minwoong/OneDrive/JMW/dynamixel_8DOF/Dynamixel/build/dynamixel_control': CMAKE_PREFIX_PATH=/home/minwoong/OneDrive/JMW/dynamixel_8DOF/Dynamixel/install/dynamixel_sdk:/home/minwoong/OneDrive/JMW/dynamixel_8DOF/Dynamixel/install/dynamixel_control:/opt/ros/humble /usr/bin/cmake --build /home/minwoong/OneDrive/JMW/dynamixel_8DOF/Dynamixel/build/dynamixel_control -- -j24 -l24
[0.038s] [35m[1mConsolidate compiler generated dependencies of target poppy_read_write_node[0m
[0.046s] [ 33%] Built target h1_csv_joint_state_publisher
[0.047s] [ 33%] Built target csv_joint_state_publisher
[0.047s] [ 33%] Built target joint_state_publisher
[0.047s] [ 44%] Built target torque_read_degree_write
[0.047s] [ 77%] Built target poppy_csv_joint_state_publisher
[0.047s] [ 77%] Built target read_write_node
[0.047s] [ 77%] Built target torque_compensation_node
[0.048s] [ 88%] Built target rviz_visualization_node
[0.050s] [ 94%] [32mBuilding CXX object CMakeFiles/poppy_read_write_node.dir/src/poppy_read_write_node.cpp.o[0m
[1.295s] [01m[K/home/minwoong/OneDrive/JMW/dynamixel_8DOF/Dynamixel/dynamixel_control/src/poppy_read_write_node.cpp:[m[K In constructor â€˜[01m[KPoppyController::PoppyController()[m[Kâ€™:
[1.295s] [01m[K/home/minwoong/OneDrive/JMW/dynamixel_8DOF/Dynamixel/dynamixel_control/src/poppy_read_write_node.cpp:111:34:[m[K [01;31m[Kerror: [m[Kâ€˜[01m[KGOAL_VEL[m[Kâ€™ was not declared in this scope
[1.295s]   111 |     setGoalVelocity(WHOLE_MOTOR, [01;31m[KGOAL_VEL[m[K);
[1.295s]       |                                  [01;31m[K^~~~~~~~[m[K
[1.310s] [01m[K/home/minwoong/OneDrive/JMW/dynamixel_8DOF/Dynamixel/dynamixel_control/src/poppy_read_write_node.cpp:[m[K In member function â€˜[01m[Kvoid PoppyController::enableTorque()[m[Kâ€™:
[1.310s] [01m[K/home/minwoong/OneDrive/JMW/dynamixel_8DOF/Dynamixel/dynamixel_control/src/poppy_read_write_node.cpp:170:76:[m[K [01;31m[Kerror: [m[Kâ€˜[01m[KADDR_PRO_TORQUE_ENABLE[m[Kâ€™ was not declared in this scope; did you mean â€˜[01m[KADDR_MX28_TORQUE_ENABLE[m[Kâ€™?
[1.310s]   170 |       dxl_comm_result = packetHandler->write1ByteTxRx(portHandler, dxl_id, [01;31m[KADDR_PRO_TORQUE_ENABLE[m[K, 1, &dxl_error);
[1.310s]       |                                                                            [01;31m[K^~~~~~~~~~~~~~~~~~~~~~[m[K
[1.310s]       |                                                                            [32m[KADDR_MX28_TORQUE_ENABLE[m[K
[1.316s] [01m[K/home/minwoong/OneDrive/JMW/dynamixel_8DOF/Dynamixel/dynamixel_control/src/poppy_read_write_node.cpp:[m[K In member function â€˜[01m[Kvoid PoppyController::disableTorque()[m[Kâ€™:
[1.316s] [01m[K/home/minwoong/OneDrive/JMW/dynamixel_8DOF/Dynamixel/dynamixel_control/src/poppy_read_write_node.cpp:181:76:[m[K [01;31m[Kerror: [m[Kâ€˜[01m[KADDR_PRO_TORQUE_ENABLE[m[Kâ€™ was not declared in this scope; did you mean â€˜[01m[KADDR_MX28_TORQUE_ENABLE[m[Kâ€™?
[1.316s]   181 |       dxl_comm_result = packetHandler->write1ByteTxRx(portHandler, dxl_id, [01;31m[KADDR_PRO_TORQUE_ENABLE[m[K, 0, &dxl_error);
[1.316s]       |                                                                            [01;31m[K^~~~~~~~~~~~~~~~~~~~~~[m[K
[1.316s]       |                                                                            [32m[KADDR_MX28_TORQUE_ENABLE[m[K
[1.321s] [01m[K/home/minwoong/OneDrive/JMW/dynamixel_8DOF/Dynamixel/dynamixel_control/src/poppy_read_write_node.cpp:[m[K In member function â€˜[01m[Kvoid PoppyController::setGoalVelocity(const std::set<unsigned char>&, int)[m[Kâ€™:
[1.321s] [01m[K/home/minwoong/OneDrive/JMW/dynamixel_8DOF/Dynamixel/dynamixel_control/src/poppy_read_write_node.cpp:192:76:[m[K [01;31m[Kerror: [m[Kâ€˜[01m[KADDR_PRO_GOAL_VEL[m[Kâ€™ was not declared in this scope
[1.321s]   192 |       dxl_comm_result = packetHandler->write4ByteTxRx(portHandler, dxl_id, [01;31m[KADDR_PRO_GOAL_VEL[m[K, value, &dxl_error);
[1.321s]       |                                                                            [01;31m[K^~~~~~~~~~~~~~~~~[m[K
[2.614s] gmake[2]: *** [CMakeFiles/poppy_read_write_node.dir/build.make:76: CMakeFiles/poppy_read_write_node.dir/src/poppy_read_write_node.cpp.o] Error 1
[2.614s] gmake[1]: *** [CMakeFiles/Makefile2:179: CMakeFiles/poppy_read_write_node.dir/all] Error 2
[2.614s] gmake: *** [Makefile:146: all] Error 2
[2.616s] Invoked command in '/home/minwoong/OneDrive/JMW/dynamixel_8DOF/Dynamixel/build/dynamixel_control' returned '2': CMAKE_PREFIX_PATH=/home/minwoong/OneDrive/JMW/dynamixel_8DOF/Dynamixel/install/dynamixel_sdk:/home/minwoong/OneDrive/JMW/dynamixel_8DOF/Dynamixel/install/dynamixel_control:/opt/ros/humble /usr/bin/cmake --build /home/minwoong/OneDrive/JMW/dynamixel_8DOF/Dynamixel/build/dynamixel_control -- -j24 -l24
