[35m[1mConsolidate compiler generated dependencies of target poppy_read_write_node[0m
[ 11%] Built target read_write_node
[ 22%] Built target h1_csv_joint_state_publisher
[ 44%] Built target joint_state_publisher
[ 50%] Built target poppy_csv_joint_state_publisher
[ 55%] Built target torque_compensation_node
[ 66%] Built target torque_read_degree_write
[ 77%] Built target rviz_visualization_node
[ 88%] Built target csv_joint_state_publisher
[ 94%] [32mBuilding CXX object CMakeFiles/poppy_read_write_node.dir/src/poppy_read_write_node.cpp.o[0m
[01m[K/home/minwoong/OneDrive/JMW/dynamixel_8DOF/Dynamixel/dynamixel_control/src/poppy_read_write_node.cpp:[m[K In member function â€˜[01m[Kvoid PoppyController::enableTorque()[m[Kâ€™:
[01m[K/home/minwoong/OneDrive/JMW/dynamixel_8DOF/Dynamixel/dynamixel_control/src/poppy_read_write_node.cpp:172:76:[m[K [01;31m[Kerror: [m[Kâ€˜[01m[KADDR_PRO_TORQUE_ENABLE[m[Kâ€™ was not declared in this scope; did you mean â€˜[01m[KADDR_MX28_TORQUE_ENABLE[m[Kâ€™?
  172 |       dxl_comm_result = packetHandler->write1ByteTxRx(portHandler, dxl_id, [01;31m[KADDR_PRO_TORQUE_ENABLE[m[K, 1, &dxl_error);
      |                                                                            [01;31m[K^~~~~~~~~~~~~~~~~~~~~~[m[K
      |                                                                            [32m[KADDR_MX28_TORQUE_ENABLE[m[K
gmake[2]: *** [CMakeFiles/poppy_read_write_node.dir/build.make:76: CMakeFiles/poppy_read_write_node.dir/src/poppy_read_write_node.cpp.o] Error 1
gmake[1]: *** [CMakeFiles/Makefile2:179: CMakeFiles/poppy_read_write_node.dir/all] Error 2
gmake: *** [Makefile:146: all] Error 2
